<?xml version="1.0" encoding="UTF-8"?>
<!-- Generated by org.testng.reporters.JUnitReportReporter -->
<testsuite skipped="0" hostname="onebill-Latitude-3440" name="testscripts.TC_01Test" tests="1" failures="0" timestamp="26 Jul 2021 12:32:17 GMT" time="46.934" errors="0">
  <testcase name="testCase01" time="46.934" classname="testscripts.TC_01Test"/>
</testsuite> <!-- testscripts.TC_01Test -->
